<?xml version="1.0" encoding="UTF-8"?>
<testsuite name="co.com.pragma.usecase.registrarusuario.RegistrarUsuarioUseCaseTest" tests="11" skipped="0" failures="0" errors="0" timestamp="2025-09-03T04:24:44.105Z" hostname="DESKTOP-6JN1CPG" time="5.21">
  <properties/>
  <testcase name="debeFallarSiCorreoYaExiste()" classname="co.com.pragma.usecase.registrarusuario.RegistrarUsuarioUseCaseTest" time="5.072"/>
  <testcase name="debeFallarSiCorreoEsNulo()" classname="co.com.pragma.usecase.registrarusuario.RegistrarUsuarioUseCaseTest" time="0.008"/>
  <testcase name="debeRetornarTodosLosUsuarios()" classname="co.com.pragma.usecase.registrarusuario.RegistrarUsuarioUseCaseTest" time="0.012"/>
  <testcase name="debeFallarSiApellidosEsNulo()" classname="co.com.pragma.usecase.registrarusuario.RegistrarUsuarioUseCaseTest" time="0.018"/>
  <testcase name="debeFallarSiCorreoEsInvalido()" classname="co.com.pragma.usecase.registrarusuario.RegistrarUsuarioUseCaseTest" time="0.003"/>
  <testcase name="debeFallarSiTelefonoEsNulo()" classname="co.com.pragma.usecase.registrarusuario.RegistrarUsuarioUseCaseTest" time="0.002"/>
  <testcase name="debeFallarSiSalarioEsMayorAlPermitido()" classname="co.com.pragma.usecase.registrarusuario.RegistrarUsuarioUseCaseTest" time="0.006"/>
  <testcase name="debeRegistrarUsuarioExitosamente()" classname="co.com.pragma.usecase.registrarusuario.RegistrarUsuarioUseCaseTest" time="0.011"/>
  <testcase name="noDebeFallarSiTodosLosCamposSonValidos()" classname="co.com.pragma.usecase.registrarusuario.RegistrarUsuarioUseCaseTest" time="0.005"/>
  <testcase name="debeFallarSiNombresEsNulo()" classname="co.com.pragma.usecase.registrarusuario.RegistrarUsuarioUseCaseTest" time="0.008"/>
  <testcase name="debeFallarSiDireccionEsNula()" classname="co.com.pragma.usecase.registrarusuario.RegistrarUsuarioUseCaseTest" time="0.016"/>
  <system-out><![CDATA[]]></system-out>
  <system-err><![CDATA[]]></system-err>
</testsuite>
