<?xml version="1.0" encoding="UTF-8"?>
<testsuite name="co.com.pragma.usecase.registrarusuario.RegistrarUsuarioUseCaseTest" tests="11" skipped="0" failures="0" errors="0" timestamp="2025-08-27T02:57:45.468Z" hostname="LEIFE19" time="11.624">
  <properties/>
  <testcase name="debeFallarSiCorreoYaExiste()" classname="co.com.pragma.usecase.registrarusuario.RegistrarUsuarioUseCaseTest" time="11.384"/>
  <testcase name="debeFallarSiCorreoEsNulo()" classname="co.com.pragma.usecase.registrarusuario.RegistrarUsuarioUseCaseTest" time="0.012"/>
  <testcase name="debeRetornarTodosLosUsuarios()" classname="co.com.pragma.usecase.registrarusuario.RegistrarUsuarioUseCaseTest" time="0.023"/>
  <testcase name="debeFallarSiApellidosEsNulo()" classname="co.com.pragma.usecase.registrarusuario.RegistrarUsuarioUseCaseTest" time="0.01"/>
  <testcase name="debeFallarSiCorreoEsInvalido()" classname="co.com.pragma.usecase.registrarusuario.RegistrarUsuarioUseCaseTest" time="0.02"/>
  <testcase name="debeFallarSiTelefonoEsNulo()" classname="co.com.pragma.usecase.registrarusuario.RegistrarUsuarioUseCaseTest" time="0.007"/>
  <testcase name="debeFallarSiSalarioEsMayorAlPermitido()" classname="co.com.pragma.usecase.registrarusuario.RegistrarUsuarioUseCaseTest" time="0.009"/>
  <testcase name="debeRegistrarUsuarioExitosamente()" classname="co.com.pragma.usecase.registrarusuario.RegistrarUsuarioUseCaseTest" time="0.01"/>
  <testcase name="noDebeFallarSiTodosLosCamposSonValidos()" classname="co.com.pragma.usecase.registrarusuario.RegistrarUsuarioUseCaseTest" time="0.007"/>
  <testcase name="debeFallarSiNombresEsNulo()" classname="co.com.pragma.usecase.registrarusuario.RegistrarUsuarioUseCaseTest" time="0.013"/>
  <testcase name="debeFallarSiDireccionEsNula()" classname="co.com.pragma.usecase.registrarusuario.RegistrarUsuarioUseCaseTest" time="0.015"/>
  <system-out><![CDATA[]]></system-out>
  <system-err><![CDATA[]]></system-err>
</testsuite>
