<?xml version="1.0" encoding="UTF-8"?>
<testsuite name="co.com.pragma.usecase.registrarusuario.RegistrarUsuarioUseCaseTest" tests="11" skipped="0" failures="0" errors="0" timestamp="2025-08-27T13:30:15.873Z" hostname="LEIFE19" time="6.822">
  <properties/>
  <testcase name="debeFallarSiCorreoYaExiste()" classname="co.com.pragma.usecase.registrarusuario.RegistrarUsuarioUseCaseTest" time="6.694"/>
  <testcase name="debeFallarSiCorreoEsNulo()" classname="co.com.pragma.usecase.registrarusuario.RegistrarUsuarioUseCaseTest" time="0.015"/>
  <testcase name="debeRetornarTodosLosUsuarios()" classname="co.com.pragma.usecase.registrarusuario.RegistrarUsuarioUseCaseTest" time="0.023"/>
  <testcase name="debeFallarSiApellidosEsNulo()" classname="co.com.pragma.usecase.registrarusuario.RegistrarUsuarioUseCaseTest" time="0.005"/>
  <testcase name="debeFallarSiCorreoEsInvalido()" classname="co.com.pragma.usecase.registrarusuario.RegistrarUsuarioUseCaseTest" time="0.009"/>
  <testcase name="debeFallarSiTelefonoEsNulo()" classname="co.com.pragma.usecase.registrarusuario.RegistrarUsuarioUseCaseTest" time="0.007"/>
  <testcase name="debeFallarSiSalarioEsMayorAlPermitido()" classname="co.com.pragma.usecase.registrarusuario.RegistrarUsuarioUseCaseTest" time="0.014"/>
  <testcase name="debeRegistrarUsuarioExitosamente()" classname="co.com.pragma.usecase.registrarusuario.RegistrarUsuarioUseCaseTest" time="0.011"/>
  <testcase name="noDebeFallarSiTodosLosCamposSonValidos()" classname="co.com.pragma.usecase.registrarusuario.RegistrarUsuarioUseCaseTest" time="0.005"/>
  <testcase name="debeFallarSiNombresEsNulo()" classname="co.com.pragma.usecase.registrarusuario.RegistrarUsuarioUseCaseTest" time="0.004"/>
  <testcase name="debeFallarSiDireccionEsNula()" classname="co.com.pragma.usecase.registrarusuario.RegistrarUsuarioUseCaseTest" time="0.003"/>
  <system-out><![CDATA[]]></system-out>
  <system-err><![CDATA[]]></system-err>
</testsuite>
