<?xml version="1.0" encoding="UTF-8"?>
<testsuite name="co.com.pragma.usecase.registrarusuario.RegistrarUsuarioUseCaseTest" tests="4" skipped="0" failures="0" errors="0" timestamp="2025-09-09T21:23:07.402Z" hostname="DESKTOP-6JN1CPG" time="9.151">
  <properties/>
  <testcase name="save_debeFallar_siCorreoYaExiste()" classname="co.com.pragma.usecase.registrarusuario.RegistrarUsuarioUseCaseTest" time="9.088"/>
  <testcase name="pipeline_debeFallar_siNombreEsVacio()" classname="co.com.pragma.usecase.registrarusuario.RegistrarUsuarioUseCaseTest" time="0.019"/>
  <testcase name="existsByEmail_delegaEnRepositorio()" classname="co.com.pragma.usecase.registrarusuario.RegistrarUsuarioUseCaseTest" time="0.023"/>
  <testcase name="save_debeGuardarUsuario_siCorreoNoExiste()" classname="co.com.pragma.usecase.registrarusuario.RegistrarUsuarioUseCaseTest" time="0.017"/>
  <system-out><![CDATA[]]></system-out>
  <system-err><![CDATA[]]></system-err>
</testsuite>
