<?xml version="1.0" encoding="UTF-8"?>
<testsuite name="co.com.pragma.r2dbc.config.PostgreSQLConnectionPoolTest" tests="1" skipped="0" failures="0" errors="0" timestamp="2025-08-28T00:18:54.358Z" hostname="LEIFE19" time="3.23">
  <properties/>
  <testcase name="getConnectionConfigSuccess()" classname="co.com.pragma.r2dbc.config.PostgreSQLConnectionPoolTest" time="3.23"/>
  <system-out><![CDATA[]]></system-out>
  <system-err><![CDATA[]]></system-err>
</testsuite>
