<?xml version="1.0" encoding="UTF-8"?>
<testsuite name="co.com.pragma.r2dbc.UsuarioReactiveRepositoryAdapterTest" tests="3" skipped="0" failures="0" errors="0" timestamp="2025-08-27T22:57:30.745Z" hostname="LEIFE19" time="9.39">
  <properties/>
  <testcase name="mustSaveValue()" classname="co.com.pragma.r2dbc.UsuarioReactiveRepositoryAdapterTest" time="9.339"/>
  <testcase name="mustFindValueById()" classname="co.com.pragma.r2dbc.UsuarioReactiveRepositoryAdapterTest" time="0.016"/>
  <testcase name="mustFindAllValues()" classname="co.com.pragma.r2dbc.UsuarioReactiveRepositoryAdapterTest" time="0.028"/>
  <system-out><![CDATA[]]></system-out>
  <system-err><![CDATA[]]></system-err>
</testsuite>
