<?xml version="1.0" encoding="UTF-8"?>
<testsuite name="co.com.pragma.r2dbc.UsuarioReactiveRepositoryAdapterTest" tests="3" skipped="0" failures="0" errors="0" timestamp="2025-08-27T14:39:05.366Z" hostname="LEIFE19" time="9.742">
  <properties/>
  <testcase name="mustSaveValue()" classname="co.com.pragma.r2dbc.UsuarioReactiveRepositoryAdapterTest" time="9.665"/>
  <testcase name="mustFindValueById()" classname="co.com.pragma.r2dbc.UsuarioReactiveRepositoryAdapterTest" time="0.035"/>
  <testcase name="mustFindAllValues()" classname="co.com.pragma.r2dbc.UsuarioReactiveRepositoryAdapterTest" time="0.028"/>
  <system-out><![CDATA[]]></system-out>
  <system-err><![CDATA[]]></system-err>
</testsuite>
