<?xml version="1.0" encoding="UTF-8"?>
<testsuite name="co.com.pragma.r2dbc.UsuarioReactiveRepositoryAdapterTest" tests="3" skipped="0" failures="0" errors="0" timestamp="2025-08-27T01:23:41.085Z" hostname="LEIFE19" time="4.387">
  <properties/>
  <testcase name="mustSaveValue()" classname="co.com.pragma.r2dbc.UsuarioReactiveRepositoryAdapterTest" time="4.364"/>
  <testcase name="mustFindValueById()" classname="co.com.pragma.r2dbc.UsuarioReactiveRepositoryAdapterTest" time="0.008"/>
  <testcase name="mustFindAllValues()" classname="co.com.pragma.r2dbc.UsuarioReactiveRepositoryAdapterTest" time="0.012"/>
  <system-out><![CDATA[]]></system-out>
  <system-err><![CDATA[]]></system-err>
</testsuite>
