<?xml version="1.0" encoding="UTF-8"?>
<testsuite name="co.com.pragma.r2dbc.config.PostgreSQLConnectionPoolTest" tests="1" skipped="0" failures="0" errors="0" timestamp="2025-08-27T22:57:40.262Z" hostname="LEIFE19" time="4.343">
  <properties/>
  <testcase name="getConnectionConfigSuccess()" classname="co.com.pragma.r2dbc.config.PostgreSQLConnectionPoolTest" time="4.343"/>
  <system-out><![CDATA[]]></system-out>
  <system-err><![CDATA[]]></system-err>
</testsuite>
