<?xml version="1.0" encoding="UTF-8"?>
<testsuite name="co.com.pragma.r2dbc.helper.ReactiveAdapterOperationsTest" tests="5" skipped="0" failures="0" errors="0" timestamp="2025-08-27T14:39:18.785Z" hostname="LEIFE19" time="0.932">
  <properties/>
  <testcase name="findAll()" classname="co.com.pragma.r2dbc.helper.ReactiveAdapterOperationsTest" time="0.643"/>
  <testcase name="findById()" classname="co.com.pragma.r2dbc.helper.ReactiveAdapterOperationsTest" time="0.014"/>
  <testcase name="saveAllEntities()" classname="co.com.pragma.r2dbc.helper.ReactiveAdapterOperationsTest" time="0.044"/>
  <testcase name="findByExample()" classname="co.com.pragma.r2dbc.helper.ReactiveAdapterOperationsTest" time="0.194"/>
  <testcase name="save()" classname="co.com.pragma.r2dbc.helper.ReactiveAdapterOperationsTest" time="0.012"/>
  <system-out><![CDATA[]]></system-out>
  <system-err><![CDATA[]]></system-err>
</testsuite>
