<?xml version="1.0" encoding="UTF-8"?>
<testsuite name="co.com.pragma.r2dbc.config.PostgreSQLConnectionPoolTest" tests="1" skipped="0" failures="0" errors="0" timestamp="2025-09-03T04:09:46.020Z" hostname="DESKTOP-6JN1CPG" time="0.62">
  <properties/>
  <testcase name="getConnectionConfigSuccess()" classname="co.com.pragma.r2dbc.config.PostgreSQLConnectionPoolTest" time="0.62"/>
  <system-out><![CDATA[]]></system-out>
  <system-err><![CDATA[]]></system-err>
</testsuite>
