<?xml version="1.0" encoding="UTF-8"?>
<testsuite name="co.com.bancolombia.ArchitectureTest" tests="6" skipped="0" failures="0" errors="0" timestamp="2025-08-27T02:58:03.181Z" hostname="LEIFE19" time="1.147">
  <properties/>
  <testcase name="domainClassesShouldNotBeNamedWithToolNames()" classname="co.com.bancolombia.ArchitectureTest" time="0.3"/>
  <testcase name="domainClassesShouldNotHaveFieldsNamedWithToolNames()" classname="co.com.bancolombia.ArchitectureTest" time="0.068"/>
  <testcase name="useCaseFinalFields()" classname="co.com.bancolombia.ArchitectureTest" time="0.02"/>
  <testcase name="beansShouldOnlyHaveFinalFields()" classname="co.com.bancolombia.ArchitectureTest" time="0.055"/>
  <testcase name="reactiveFlowsShouldUseAwsAsyncClients()" classname="co.com.bancolombia.ArchitectureTest" time="0.092"/>
  <testcase name="domainClassesShouldNotBeNamedWithTechSuffixes()" classname="co.com.bancolombia.ArchitectureTest" time="0.006"/>
  <system-out><![CDATA[21:57:51.830 [Test worker] INFO com.tngtech.archunit.core.PluginLoader -- Detected Java version 17.0.2
]]></system-out>
  <system-err><![CDATA[ago 26, 2025 9:58:03 P. M. co.com.bancolombia.Utils findFiles
INFO: begin -1, end 231, length 231
ago 26, 2025 9:58:03 P. M. co.com.bancolombia.Utils findFiles
INFO: begin -1, end 231, length 231
ago 26, 2025 9:58:03 P. M. co.com.bancolombia.Utils findFiles
INFO: begin -1, end 231, length 231
ago 26, 2025 9:58:03 P. M. co.com.bancolombia.Utils findFiles
INFO: begin -1, end 231, length 231
ago 26, 2025 9:58:04 P. M. co.com.bancolombia.Utils findFiles
INFO: begin -1, end 231, length 231
ago 26, 2025 9:58:04 P. M. co.com.bancolombia.Utils findFiles
INFO: begin -1, end 231, length 231
]]></system-err>
</testsuite>
